<?xml version="1.0" encoding="UTF-8" ?>
<testsuite failures="0" time="0.015" errors="0" skipped="0" tests="2" name="com.googlecode.asyn4j.util.MethodUtilTest">
  <properties>
    <property name="java.runtime.name" value="Java(TM) SE Runtime Environment"/>
    <property name="sun.boot.library.path" value="D:\java\jdk1.6\jre\bin"/>
    <property name="java.vm.version" value="10.0-b23"/>
    <property name="java.vm.vendor" value="Sun Microsystems Inc."/>
    <property name="java.vendor.url" value="http://java.sun.com/"/>
    <property name="path.separator" value=";"/>
    <property name="java.vm.name" value="Java HotSpot(TM) Client VM"/>
    <property name="file.encoding.pkg" value="sun.io"/>
    <property name="user.country" value="CN"/>
    <property name="sun.java.launcher" value="SUN_STANDARD"/>
    <property name="sun.os.patch.level" value="Service Pack 3"/>
    <property name="java.vm.specification.name" value="Java Virtual Machine Specification"/>
    <property name="user.dir" value="D:\java\asyn4j"/>
    <property name="java.runtime.version" value="1.6.0_07-b06"/>
    <property name="java.awt.graphicsenv" value="sun.awt.Win32GraphicsEnvironment"/>
    <property name="basedir" value="D:\java\asyn4j"/>
    <property name="java.endorsed.dirs" value="D:\java\jdk1.6\jre\lib\endorsed"/>
    <property name="os.arch" value="x86"/>
    <property name="surefire.real.class.path" value="C:\DOCUME~1\yuncheng\LOCALS~1\Temp\surefirebooter33250.jar"/>
    <property name="java.io.tmpdir" value="C:\DOCUME~1\yuncheng\LOCALS~1\Temp\"/>
    <property name="line.separator" value="
"/>
    <property name="java.vm.specification.vendor" value="Sun Microsystems Inc."/>
    <property name="user.variant" value=""/>
    <property name="os.name" value="Windows XP"/>
    <property name="sun.jnu.encoding" value="GBK"/>
    <property name="java.library.path" value="D:\java\jdk1.6\jre\bin;.;C:\WINDOWS\Sun\Java\bin;C:\WINDOWS\system32;C:\WINDOWS;D:/java/jdk1.6/bin/../jre/bin/client;D:/java/jdk1.6/bin/../jre/bin;D:\oracle\product\10.2.0\db_1\bin;D:\java\jdk1.6\bin;D:\java\antx\dist\antx\bin;C:\WINDOWS\system32;C:\WINDOWS;C:\WINDOWS\System32\Wbem;C:\Program Files\ATI Technologies\ATI.ACE\Core-Static;C:\Program Files\VanDyke Software\SecureFX\;C:\Program Files\Common Files\MicroStrategy;C:\Program Files\MicroStrategy\Desktop;C:\Program Files\TortoiseSVN\bin\;c:\instantclient;D:\java\maven\bin;C:\PROGRA~1\StormII\Codec;C:\PROGRA~1\StormII"/>
    <property name="surefire.test.class.path" value="D:\java\asyn4j\target\test-classes;D:\java\asyn4j\target\classes;C:\Documents and Settings\yuncheng\.m2\repository\junit\junit\4.8.1\junit-4.8.1.jar;C:\Documents and Settings\yuncheng\.m2\repository\org\easymock\easymock\3.0\easymock-3.0.jar;C:\Documents and Settings\yuncheng\.m2\repository\cglib\cglib-nodep\2.2\cglib-nodep-2.2.jar;C:\Documents and Settings\yuncheng\.m2\repository\org\objenesis\objenesis\1.2\objenesis-1.2.jar;C:\Documents and Settings\yuncheng\.m2\repository\javax\servlet\servlet-api\2.4\servlet-api-2.4.jar;C:\Documents and Settings\yuncheng\.m2\repository\org\springframework\spring-core\2.5.6\spring-core-2.5.6.jar;C:\Documents and Settings\yuncheng\.m2\repository\commons-logging\commons-logging\1.1.1\commons-logging-1.1.1.jar;C:\Documents and Settings\yuncheng\.m2\repository\org\springframework\spring-context\2.5.6\spring-context-2.5.6.jar;C:\Documents and Settings\yuncheng\.m2\repository\aopalliance\aopalliance\1.0\aopalliance-1.0.jar;C:\Documents and Settings\yuncheng\.m2\repository\org\springframework\spring-beans\2.5.6\spring-beans-2.5.6.jar;C:\Documents and Settings\yuncheng\.m2\repository\commons-beanutils\commons-beanutils\1.8.3\commons-beanutils-1.8.3.jar;C:\Documents and Settings\yuncheng\.m2\repository\commons-io\commons-io\1.4\commons-io-1.4.jar;"/>
    <property name="java.specification.name" value="Java Platform API Specification"/>
    <property name="java.class.version" value="50.0"/>
    <property name="sun.management.compiler" value="HotSpot Client Compiler"/>
    <property name="os.version" value="5.1"/>
    <property name="user.home" value="C:\Documents and Settings\yuncheng"/>
    <property name="user.timezone" value=""/>
    <property name="java.awt.printerjob" value="sun.awt.windows.WPrinterJob"/>
    <property name="java.specification.version" value="1.6"/>
    <property name="file.encoding" value="GBK"/>
    <property name="user.name" value="yuncheng"/>
    <property name="java.class.path" value="D:\java\asyn4j\target\test-classes;D:\java\asyn4j\target\classes;C:\Documents and Settings\yuncheng\.m2\repository\junit\junit\4.8.1\junit-4.8.1.jar;C:\Documents and Settings\yuncheng\.m2\repository\org\easymock\easymock\3.0\easymock-3.0.jar;C:\Documents and Settings\yuncheng\.m2\repository\cglib\cglib-nodep\2.2\cglib-nodep-2.2.jar;C:\Documents and Settings\yuncheng\.m2\repository\org\objenesis\objenesis\1.2\objenesis-1.2.jar;C:\Documents and Settings\yuncheng\.m2\repository\javax\servlet\servlet-api\2.4\servlet-api-2.4.jar;C:\Documents and Settings\yuncheng\.m2\repository\org\springframework\spring-core\2.5.6\spring-core-2.5.6.jar;C:\Documents and Settings\yuncheng\.m2\repository\commons-logging\commons-logging\1.1.1\commons-logging-1.1.1.jar;C:\Documents and Settings\yuncheng\.m2\repository\org\springframework\spring-context\2.5.6\spring-context-2.5.6.jar;C:\Documents and Settings\yuncheng\.m2\repository\aopalliance\aopalliance\1.0\aopalliance-1.0.jar;C:\Documents and Settings\yuncheng\.m2\repository\org\springframework\spring-beans\2.5.6\spring-beans-2.5.6.jar;C:\Documents and Settings\yuncheng\.m2\repository\commons-beanutils\commons-beanutils\1.8.3\commons-beanutils-1.8.3.jar;C:\Documents and Settings\yuncheng\.m2\repository\commons-io\commons-io\1.4\commons-io-1.4.jar;"/>
    <property name="java.vm.specification.version" value="1.0"/>
    <property name="sun.arch.data.model" value="32"/>
    <property name="java.home" value="D:\java\jdk1.6\jre"/>
    <property name="java.specification.vendor" value="Sun Microsystems Inc."/>
    <property name="user.language" value="zh"/>
    <property name="awt.toolkit" value="sun.awt.windows.WToolkit"/>
    <property name="java.vm.info" value="mixed mode, sharing"/>
    <property name="java.version" value="1.6.0_07"/>
    <property name="java.ext.dirs" value="D:\java\jdk1.6\jre\lib\ext;C:\WINDOWS\Sun\Java\lib\ext"/>
    <property name="sun.boot.class.path" value="D:\java\jdk1.6\jre\lib\resources.jar;D:\java\jdk1.6\jre\lib\rt.jar;D:\java\jdk1.6\jre\lib\sunrsasign.jar;D:\java\jdk1.6\jre\lib\jsse.jar;D:\java\jdk1.6\jre\lib\jce.jar;D:\java\jdk1.6\jre\lib\charsets.jar;D:\java\jdk1.6\jre\classes"/>
    <property name="java.vendor" value="Sun Microsystems Inc."/>
    <property name="localRepository" value="C:\Documents and Settings\yuncheng\.m2\repository"/>
    <property name="file.separator" value="\"/>
    <property name="java.vendor.url.bug" value="http://java.sun.com/cgi-bin/bugreport.cgi"/>
    <property name="sun.cpu.endian" value="little"/>
    <property name="sun.io.unicode.encoding" value="UnicodeLittle"/>
    <property name="sun.desktop" value="windows"/>
    <property name="sun.cpu.isalist" value="pentium_pro+mmx pentium_pro pentium+mmx pentium i486 i386 i86"/>
  </properties>
  <testcase time="0" classname="com.googlecode.asyn4j.util.MethodUtilTest" name="testGetTargetMethod"/>
  <testcase time="0" classname="com.googlecode.asyn4j.util.MethodUtilTest" name="testGetClassMethodKey"/>
</testsuite>